2023-05-09 10:04:56.289  INFO 20304 --- [main] com.system.SystemApplication             : Starting SystemApplication using Java 1.8.0_351 on LAPTOP-7M7L7VCJ with PID 20304 (D:\FlowerTea\system\target\classes started by 玖霜 in D:\FlowerTea)
2023-05-09 10:04:56.289  INFO 20304 --- [main] com.system.SystemApplication             : No active profile set, falling back to default profiles: default
2023-05-09 10:04:57.385  INFO 20304 --- [main] o.s.b.w.embedded.tomcat.TomcatWebServer  : Tomcat initialized with port(s): 8081 (http)
2023-05-09 10:04:57.401  INFO 20304 --- [main] o.apache.catalina.core.StandardService   : Starting service [Tomcat]
2023-05-09 10:04:57.401  INFO 20304 --- [main] org.apache.catalina.core.StandardEngine  : Starting Servlet engine: [Apache Tomcat/9.0.55]
2023-05-09 10:04:57.510  INFO 20304 --- [main] o.a.c.c.C.[Tomcat].[localhost].[/]       : Initializing Spring embedded WebApplicationContext
2023-05-09 10:04:57.510  INFO 20304 --- [main] w.s.c.ServletWebServerApplicationContext : Root WebApplicationContext: initialization completed in 1174 ms
2023-05-09 10:04:57.809  WARN 20304 --- [main] c.b.m.core.metadata.TableInfoHelper      : Can not find table primary key in Class: "com.system.model.Collection".
2023-05-09 10:04:57.825  WARN 20304 --- [main] c.b.m.core.injector.DefaultSqlInjector   : class com.system.model.Collection ,Not found @TableId annotation, Cannot use Mybatis-Plus 'xxById' Method.
2023-05-09 10:04:59.051  WARN 20304 --- [main] c.b.m.core.metadata.TableInfoHelper      : Can not find table primary key in Class: "com.system.model.Feedback".
2023-05-09 10:04:59.051  WARN 20304 --- [main] c.b.m.core.injector.DefaultSqlInjector   : class com.system.model.Feedback ,Not found @TableId annotation, Cannot use Mybatis-Plus 'xxById' Method.
2023-05-09 10:04:59.505  INFO 20304 --- [main] o.s.b.w.embedded.tomcat.TomcatWebServer  : Tomcat started on port(s): 8081 (http) with context path ''
2023-05-09 10:04:59.521  INFO 20304 --- [main] com.system.SystemApplication             : Started SystemApplication in 3.716 seconds (JVM running for 4.871)
2023-05-09 10:05:47.307  INFO 20304 --- [http-nio-8081-exec-1] o.a.c.c.C.[Tomcat].[localhost].[/]       : Initializing Spring DispatcherServlet 'dispatcherServlet'
2023-05-09 10:05:47.307  INFO 20304 --- [http-nio-8081-exec-1] o.s.web.servlet.DispatcherServlet        : Initializing Servlet 'dispatcherServlet'
2023-05-09 10:05:47.314  INFO 20304 --- [http-nio-8081-exec-1] o.s.web.servlet.DispatcherServlet        : Completed initialization in 7 ms
2023-05-09 10:05:47.476  INFO 20304 --- [http-nio-8081-exec-2] com.system.controller.UserController     : 用户登录
2023-05-09 10:05:47.597  INFO 20304 --- [http-nio-8081-exec-2] com.zaxxer.hikari.HikariDataSource       : HikariPool-1 - Starting...
2023-05-09 10:05:49.273  INFO 20304 --- [http-nio-8081-exec-2] com.zaxxer.hikari.HikariDataSource       : HikariPool-1 - Start completed.
2023-05-09 10:05:49.338  INFO 20304 --- [http-nio-8081-exec-2] com.system.controller.UserController     : 用户成功登录
2023-05-09 10:05:49.475  INFO 20304 --- [http-nio-8081-exec-3] com.system.controller.TeaController      : 获取花茶总数
2023-05-09 10:05:49.491  INFO 20304 --- [http-nio-8081-exec-4] c.system.controller.MaterialController   : 查询花茶材料总数
2023-05-09 10:05:49.499  INFO 20304 --- [http-nio-8081-exec-5] com.system.controller.UserController     : 获取用户总数
2023-05-09 10:05:52.425  INFO 20304 --- [http-nio-8081-exec-9] c.system.controller.MaterialController   : 查询花茶材料总数
2023-05-09 10:05:52.423  INFO 20304 --- [http-nio-8081-exec-10] com.system.controller.UserController     : 获取用户总数
2023-05-09 10:05:52.429  INFO 20304 --- [http-nio-8081-exec-8] com.system.controller.TeaController      : 获取花茶总数
2023-05-09 10:05:54.247  INFO 20304 --- [http-nio-8081-exec-4] com.system.controller.TeaController      : 花茶信息分页查询
2023-05-09 10:05:54.302  INFO 20304 --- [http-nio-8081-exec-4] com.system.controller.TeaController      : 花茶信息分页查询成功
2023-05-09 10:11:19.801  INFO 20304 --- [http-nio-8081-exec-2] com.system.controller.UserController     : 用户登录
2023-05-09 10:11:19.809 ERROR 20304 --- [http-nio-8081-exec-2] com.system.controller.UserController     : 用户登录失败
2023-05-09 10:11:21.613  INFO 20304 --- [http-nio-8081-exec-1] com.system.controller.UserController     : 用户登录
2023-05-09 10:11:21.619  INFO 20304 --- [http-nio-8081-exec-1] com.system.controller.UserController     : 用户成功登录
2023-05-09 10:11:21.691  INFO 20304 --- [http-nio-8081-exec-8] com.system.controller.TeaController      : 获取花茶总数
2023-05-09 10:11:21.691  INFO 20304 --- [http-nio-8081-exec-4] c.system.controller.MaterialController   : 查询花茶材料总数
2023-05-09 10:11:21.691  INFO 20304 --- [http-nio-8081-exec-5] com.system.controller.UserController     : 获取用户总数
2023-05-09 10:11:23.863  INFO 20304 --- [http-nio-8081-exec-7] com.system.controller.TeaController      : 花茶信息分页查询
2023-05-09 10:11:23.871  INFO 20304 --- [http-nio-8081-exec-7] com.system.controller.TeaController      : 花茶信息分页查询成功
2023-05-09 10:11:29.640  INFO 20304 --- [http-nio-8081-exec-10] com.system.controller.TeaController      : 花茶信息分页查询
2023-05-09 10:11:29.652  INFO 20304 --- [http-nio-8081-exec-10] com.system.controller.TeaController      : 花茶信息分页查询成功
2023-05-09 10:11:29.689  INFO 20304 --- [http-nio-8081-exec-2] com.system.controller.TeaController      : 获取花茶总数
2023-05-09 10:11:29.690  INFO 20304 --- [http-nio-8081-exec-1] c.system.controller.MaterialController   : 查询花茶材料总数
2023-05-09 10:11:29.690  INFO 20304 --- [http-nio-8081-exec-4] com.system.controller.UserController     : 获取用户总数
2023-05-09 10:12:02.759  INFO 20304 --- [http-nio-8081-exec-4] com.system.controller.RecordController   : 添加用户操作记录
2023-05-09 10:12:02.784  INFO 20304 --- [http-nio-8081-exec-4] com.system.controller.RecordController   : 添加用户操作记录成功
2023-05-09 10:21:06.942  INFO 20304 --- [http-nio-8081-exec-1] com.system.controller.TeaController      : 获取花茶总数
2023-05-09 10:21:06.942  INFO 20304 --- [http-nio-8081-exec-5] c.system.controller.MaterialController   : 查询花茶材料总数
2023-05-09 10:21:06.957  INFO 20304 --- [http-nio-8081-exec-7] com.system.controller.TeaController      : 获取花茶总数
2023-05-09 10:21:06.957  INFO 20304 --- [http-nio-8081-exec-9] com.system.controller.UserController     : 获取用户总数
2023-05-09 10:21:06.960  INFO 20304 --- [http-nio-8081-exec-10] c.system.controller.MaterialController   : 查询花茶材料总数
2023-05-09 10:21:06.963  INFO 20304 --- [http-nio-8081-exec-2] com.system.controller.UserController     : 获取用户总数
2023-05-09 10:22:41.535  INFO 20304 --- [http-nio-8081-exec-6] com.system.controller.TeaController      : 获取花茶总数
2023-05-09 10:22:41.541  INFO 20304 --- [http-nio-8081-exec-1] c.system.controller.MaterialController   : 查询花茶材料总数
2023-05-09 10:22:41.541  INFO 20304 --- [http-nio-8081-exec-5] com.system.controller.UserController     : 获取用户总数
2023-05-09 10:22:47.639  INFO 20304 --- [http-nio-8081-exec-4] com.system.controller.UserController     : 获取用户总数
2023-05-09 10:22:47.639  INFO 20304 --- [http-nio-8081-exec-8] com.system.controller.TeaController      : 获取花茶总数
2023-05-09 10:22:47.639  INFO 20304 --- [http-nio-8081-exec-9] c.system.controller.MaterialController   : 查询花茶材料总数
2023-05-09 10:23:14.460  INFO 20304 --- [http-nio-8081-exec-9] c.system.controller.MaterialController   : 查询花茶材料总数
2023-05-09 10:23:14.458  INFO 20304 --- [http-nio-8081-exec-4] com.system.controller.TeaController      : 获取花茶总数
2023-05-09 10:23:14.461  INFO 20304 --- [http-nio-8081-exec-8] com.system.controller.UserController     : 获取用户总数
2023-05-09 10:24:09.934  INFO 20304 --- [http-nio-8081-exec-9] c.system.controller.MaterialController   : 查询花茶材料总数
2023-05-09 10:24:09.934  INFO 20304 --- [http-nio-8081-exec-2] com.system.controller.TeaController      : 获取花茶总数
2023-05-09 10:24:09.934  INFO 20304 --- [http-nio-8081-exec-8] com.system.controller.UserController     : 获取用户总数
2023-05-09 10:25:48.026  INFO 20304 --- [http-nio-8081-exec-8] com.system.controller.TeaController      : 获取花茶总数
2023-05-09 10:25:48.026  INFO 20304 --- [http-nio-8081-exec-4] c.system.controller.MaterialController   : 查询花茶材料总数
2023-05-09 10:25:48.028  INFO 20304 --- [http-nio-8081-exec-3] com.system.controller.UserController     : 获取用户总数
2023-05-09 10:25:48.031  INFO 20304 --- [http-nio-8081-exec-6] com.system.controller.TeaController      : 获取花茶总数
2023-05-09 10:25:48.031  INFO 20304 --- [http-nio-8081-exec-1] c.system.controller.MaterialController   : 查询花茶材料总数
2023-05-09 10:25:48.038  INFO 20304 --- [http-nio-8081-exec-7] com.system.controller.UserController     : 获取用户总数
2023-05-09 10:26:08.321  INFO 20304 --- [http-nio-8081-exec-4] com.system.controller.TeaController      : 获取花茶总数
2023-05-09 10:26:08.321  INFO 20304 --- [http-nio-8081-exec-3] com.system.controller.TeaController      : 获取花茶总数
2023-05-09 10:26:08.321  INFO 20304 --- [http-nio-8081-exec-6] c.system.controller.MaterialController   : 查询花茶材料总数
2023-05-09 10:26:08.327  INFO 20304 --- [http-nio-8081-exec-7] c.system.controller.MaterialController   : 查询花茶材料总数
2023-05-09 10:26:08.327  INFO 20304 --- [http-nio-8081-exec-1] com.system.controller.UserController     : 获取用户总数
2023-05-09 10:26:08.331  INFO 20304 --- [http-nio-8081-exec-2] com.system.controller.UserController     : 获取用户总数
2023-05-09 10:26:24.423  INFO 20304 --- [http-nio-8081-exec-4] com.system.controller.TeaController      : 获取花茶总数
2023-05-09 10:26:24.423  INFO 20304 --- [http-nio-8081-exec-7] c.system.controller.MaterialController   : 查询花茶材料总数
2023-05-09 10:26:24.433  INFO 20304 --- [http-nio-8081-exec-6] com.system.controller.UserController     : 获取用户总数
2023-05-09 10:26:24.448  INFO 20304 --- [http-nio-8081-exec-10] c.system.controller.MaterialController   : 查询花茶材料总数
2023-05-09 10:26:24.448  INFO 20304 --- [http-nio-8081-exec-2] com.system.controller.TeaController      : 获取花茶总数
2023-05-09 10:26:24.448  INFO 20304 --- [http-nio-8081-exec-9] com.system.controller.UserController     : 获取用户总数
2023-05-09 10:26:43.811  INFO 20304 --- [http-nio-8081-exec-4] com.system.controller.TeaController      : 获取花茶总数
2023-05-09 10:26:43.811  INFO 20304 --- [http-nio-8081-exec-6] com.system.controller.TeaController      : 获取花茶总数
2023-05-09 10:26:43.811  INFO 20304 --- [http-nio-8081-exec-1] c.system.controller.MaterialController   : 查询花茶材料总数
2023-05-09 10:26:43.811  INFO 20304 --- [http-nio-8081-exec-5] c.system.controller.MaterialController   : 查询花茶材料总数
2023-05-09 10:26:43.817  INFO 20304 --- [http-nio-8081-exec-2] com.system.controller.UserController     : 获取用户总数
2023-05-09 10:26:43.817  INFO 20304 --- [http-nio-8081-exec-10] com.system.controller.UserController     : 获取用户总数
2023-05-09 10:26:55.511  INFO 20304 --- [http-nio-8081-exec-6] com.system.controller.TeaController      : 获取花茶总数
2023-05-09 10:26:55.516  INFO 20304 --- [http-nio-8081-exec-5] c.system.controller.MaterialController   : 查询花茶材料总数
2023-05-09 10:26:55.517  INFO 20304 --- [http-nio-8081-exec-1] com.system.controller.TeaController      : 获取花茶总数
2023-05-09 10:26:55.517  INFO 20304 --- [http-nio-8081-exec-10] com.system.controller.UserController     : 获取用户总数
2023-05-09 10:26:55.517  INFO 20304 --- [http-nio-8081-exec-3] c.system.controller.MaterialController   : 查询花茶材料总数
2023-05-09 10:26:55.523  INFO 20304 --- [http-nio-8081-exec-8] com.system.controller.UserController     : 获取用户总数
2023-05-09 10:27:19.889  INFO 20304 --- [http-nio-8081-exec-6] com.system.controller.TeaController      : 获取花茶总数
2023-05-09 10:27:19.889  INFO 20304 --- [http-nio-8081-exec-1] c.system.controller.MaterialController   : 查询花茶材料总数
2023-05-09 10:27:19.889  INFO 20304 --- [http-nio-8081-exec-10] com.system.controller.UserController     : 获取用户总数
2023-05-09 10:27:19.903  INFO 20304 --- [http-nio-8081-exec-8] com.system.controller.TeaController      : 获取花茶总数
2023-05-09 10:27:19.905  INFO 20304 --- [http-nio-8081-exec-9] c.system.controller.MaterialController   : 查询花茶材料总数
2023-05-09 10:27:19.908  INFO 20304 --- [http-nio-8081-exec-7] com.system.controller.UserController     : 获取用户总数
2023-05-09 10:27:55.838  INFO 20304 --- [http-nio-8081-exec-9] com.system.controller.UserController     : 获取用户总数
2023-05-09 10:27:55.838  INFO 20304 --- [http-nio-8081-exec-3] c.system.controller.MaterialController   : 查询花茶材料总数
2023-05-09 10:27:55.838  INFO 20304 --- [http-nio-8081-exec-2] com.system.controller.TeaController      : 获取花茶总数
2023-05-09 10:29:34.373  INFO 20304 --- [http-nio-8081-exec-5] com.system.controller.TeaController      : 获取花茶总数
2023-05-09 10:29:34.373  INFO 20304 --- [http-nio-8081-exec-7] c.system.controller.MaterialController   : 查询花茶材料总数
2023-05-09 10:29:34.379  INFO 20304 --- [http-nio-8081-exec-4] com.system.controller.UserController     : 获取用户总数
2023-05-09 10:29:34.389  INFO 20304 --- [http-nio-8081-exec-8] com.system.controller.TeaController      : 获取花茶总数
2023-05-09 10:29:34.390  INFO 20304 --- [http-nio-8081-exec-2] c.system.controller.MaterialController   : 查询花茶材料总数
2023-05-09 10:29:34.392  INFO 20304 --- [http-nio-8081-exec-6] com.system.controller.UserController     : 获取用户总数
2023-05-09 10:29:47.521  INFO 20304 --- [http-nio-8081-exec-7] com.system.controller.TeaController      : 获取花茶总数
2023-05-09 10:29:47.521  INFO 20304 --- [http-nio-8081-exec-1] com.system.controller.UserController     : 获取用户总数
2023-05-09 10:29:47.521  INFO 20304 --- [http-nio-8081-exec-4] c.system.controller.MaterialController   : 查询花茶材料总数
2023-05-09 10:29:47.522  INFO 20304 --- [http-nio-8081-exec-10] com.system.controller.TeaController      : 获取花茶总数
2023-05-09 10:29:47.523  INFO 20304 --- [http-nio-8081-exec-2] c.system.controller.MaterialController   : 查询花茶材料总数
2023-05-09 10:29:47.533  INFO 20304 --- [http-nio-8081-exec-6] com.system.controller.UserController     : 获取用户总数
2023-05-09 10:30:07.116  INFO 20304 --- [http-nio-8081-exec-7] com.system.controller.TeaController      : 获取花茶总数
2023-05-09 10:30:07.116  INFO 20304 --- [http-nio-8081-exec-1] c.system.controller.MaterialController   : 查询花茶材料总数
2023-05-09 10:30:07.123  INFO 20304 --- [http-nio-8081-exec-4] com.system.controller.UserController     : 获取用户总数
2023-05-09 10:30:07.363  INFO 20304 --- [http-nio-8081-exec-8] com.system.controller.TeaController      : 获取花茶总数
2023-05-09 10:30:07.363  INFO 20304 --- [http-nio-8081-exec-3] com.system.controller.UserController     : 获取用户总数
2023-05-09 10:30:07.363  INFO 20304 --- [http-nio-8081-exec-9] c.system.controller.MaterialController   : 查询花茶材料总数
2023-05-09 10:30:46.289  INFO 20304 --- [http-nio-8081-exec-4] com.system.controller.TeaController      : 获取花茶总数
2023-05-09 10:30:46.289  INFO 20304 --- [http-nio-8081-exec-6] c.system.controller.MaterialController   : 查询花茶材料总数
2023-05-09 10:30:46.289  INFO 20304 --- [http-nio-8081-exec-2] com.system.controller.UserController     : 获取用户总数
2023-05-09 10:30:46.297  INFO 20304 --- [http-nio-8081-exec-8] com.system.controller.TeaController      : 获取花茶总数
2023-05-09 10:30:46.300  INFO 20304 --- [http-nio-8081-exec-5] c.system.controller.MaterialController   : 查询花茶材料总数
2023-05-09 10:30:46.300  INFO 20304 --- [http-nio-8081-exec-10] com.system.controller.UserController     : 获取用户总数
2023-05-09 10:31:20.963  INFO 20304 --- [http-nio-8081-exec-10] com.system.controller.TeaController      : 获取花茶总数
2023-05-09 10:31:20.963  INFO 20304 --- [http-nio-8081-exec-5] c.system.controller.MaterialController   : 查询花茶材料总数
2023-05-09 10:31:20.963  INFO 20304 --- [http-nio-8081-exec-7] com.system.controller.UserController     : 获取用户总数
2023-05-09 10:33:22.933  INFO 20304 --- [http-nio-8081-exec-5] com.system.controller.TeaController      : 获取花茶总数
2023-05-09 10:33:22.936  INFO 20304 --- [http-nio-8081-exec-1] com.system.controller.UserController     : 获取用户总数
2023-05-09 10:33:22.936  INFO 20304 --- [http-nio-8081-exec-2] c.system.controller.MaterialController   : 查询花茶材料总数
2023-05-09 10:33:28.353  INFO 20304 --- [http-nio-8081-exec-9] com.system.controller.RecordController   : 记录管理分页查询
2023-05-09 10:33:28.360  INFO 20304 --- [http-nio-8081-exec-9] com.system.controller.RecordController   : 记录管理分页查询成功
2023-05-09 10:33:29.293  INFO 20304 --- [http-nio-8081-exec-7] com.system.controller.UserController     : 用户分页查询
2023-05-09 10:33:29.299  INFO 20304 --- [http-nio-8081-exec-7] com.system.controller.UserController     : 用户信息分页查询成功
2023-05-09 10:33:30.207  INFO 20304 --- [http-nio-8081-exec-5] c.s.controller.CollectionController      : 收藏夹分页查询
2023-05-09 10:33:30.223  INFO 20304 --- [http-nio-8081-exec-5] c.s.controller.CollectionController      : 收藏夹分页查询成功
2023-05-09 10:33:31.170  INFO 20304 --- [http-nio-8081-exec-1] c.system.controller.MaterialController   : 花茶材料分页查询
2023-05-09 10:33:31.176  INFO 20304 --- [http-nio-8081-exec-1] c.system.controller.MaterialController   : 花茶材料分页查询成功
2023-05-09 10:33:32.474  INFO 20304 --- [http-nio-8081-exec-6] com.system.controller.TeaController      : 花茶信息分页查询
2023-05-09 10:33:32.476  INFO 20304 --- [http-nio-8081-exec-6] com.system.controller.TeaController      : 花茶信息分页查询成功
2023-05-09 10:33:35.145  INFO 20304 --- [http-nio-8081-exec-4] com.system.controller.UserController     : 用户分页查询
2023-05-09 10:33:35.150  INFO 20304 --- [http-nio-8081-exec-4] com.system.controller.UserController     : 用户信息分页查询成功
2023-05-09 10:33:36.219  INFO 20304 --- [http-nio-8081-exec-3] com.system.controller.RecordController   : 记录管理分页查询
2023-05-09 10:33:36.226  INFO 20304 --- [http-nio-8081-exec-3] com.system.controller.RecordController   : 记录管理分页查询成功
2023-05-09 10:45:04.847  INFO 20304 --- [http-nio-8081-exec-2] com.system.controller.TeaController      : 获取花茶总数
2023-05-09 10:45:04.847  INFO 20304 --- [http-nio-8081-exec-1] c.system.controller.MaterialController   : 查询花茶材料总数
2023-05-09 10:45:04.847  INFO 20304 --- [http-nio-8081-exec-6] com.system.controller.UserController     : 获取用户总数
2023-05-09 10:45:04.888  INFO 20304 --- [http-nio-8081-exec-10] com.system.controller.RecordController   : 记录管理分页查询
2023-05-09 10:45:04.890  INFO 20304 --- [http-nio-8081-exec-10] com.system.controller.RecordController   : 记录管理分页查询成功
2023-05-09 10:45:05.043  INFO 20304 --- [http-nio-8081-exec-8] com.system.controller.TeaController      : 获取花茶总数
2023-05-09 10:45:05.043  INFO 20304 --- [http-nio-8081-exec-9] c.system.controller.MaterialController   : 查询花茶材料总数
2023-05-09 10:45:05.045  INFO 20304 --- [http-nio-8081-exec-7] com.system.controller.UserController     : 获取用户总数
2023-05-09 10:48:55.784  INFO 20304 --- [http-nio-8081-exec-8] com.system.controller.RecordController   : 记录管理分页查询
2023-05-09 10:48:55.784  INFO 20304 --- [http-nio-8081-exec-8] com.system.controller.RecordController   : 记录管理分页查询成功
2023-05-09 10:48:55.925  INFO 20304 --- [http-nio-8081-exec-9] com.system.controller.TeaController      : 获取花茶总数
2023-05-09 10:48:55.930  INFO 20304 --- [http-nio-8081-exec-7] c.system.controller.MaterialController   : 查询花茶材料总数
2023-05-09 10:48:55.930  INFO 20304 --- [http-nio-8081-exec-5] com.system.controller.UserController     : 获取用户总数
2023-05-09 10:48:55.957  INFO 20304 --- [http-nio-8081-exec-10] com.system.controller.TeaController      : 获取花茶总数
2023-05-09 10:48:55.957  INFO 20304 --- [http-nio-8081-exec-2] com.system.controller.UserController     : 获取用户总数
2023-05-09 10:48:55.957  INFO 20304 --- [http-nio-8081-exec-4] c.system.controller.MaterialController   : 查询花茶材料总数
2023-05-09 10:48:57.860  INFO 20304 --- [http-nio-8081-exec-9] com.system.controller.TeaController      : 获取花茶总数
2023-05-09 10:48:57.876  INFO 20304 --- [http-nio-8081-exec-7] c.system.controller.MaterialController   : 查询花茶材料总数
2023-05-09 10:48:57.877  INFO 20304 --- [http-nio-8081-exec-5] com.system.controller.UserController     : 获取用户总数
2023-05-09 10:48:57.923  INFO 20304 --- [http-nio-8081-exec-4] com.system.controller.RecordController   : 记录管理分页查询
2023-05-09 10:48:57.923  INFO 20304 --- [http-nio-8081-exec-4] com.system.controller.RecordController   : 记录管理分页查询成功
2023-05-09 10:48:58.064  INFO 20304 --- [http-nio-8081-exec-10] com.system.controller.TeaController      : 获取花茶总数
2023-05-09 10:48:58.064  INFO 20304 --- [http-nio-8081-exec-2] c.system.controller.MaterialController   : 查询花茶材料总数
2023-05-09 10:48:58.064  INFO 20304 --- [http-nio-8081-exec-6] com.system.controller.UserController     : 获取用户总数
2023-05-09 10:49:08.742  INFO 20304 --- [http-nio-8081-exec-5] com.system.controller.TeaController      : 获取花茶总数
2023-05-09 10:49:08.742  INFO 20304 --- [http-nio-8081-exec-1] com.system.controller.UserController     : 获取用户总数
2023-05-09 10:49:08.742  INFO 20304 --- [http-nio-8081-exec-7] c.system.controller.MaterialController   : 查询花茶材料总数
2023-05-09 10:50:53.964  INFO 20304 --- [http-nio-8081-exec-9] com.system.controller.RecordController   : 记录管理分页查询
2023-05-09 10:50:53.980  INFO 20304 --- [http-nio-8081-exec-9] com.system.controller.RecordController   : 记录管理分页查询成功
2023-05-09 10:50:54.011  INFO 20304 --- [http-nio-8081-exec-1] com.system.controller.TeaController      : 获取花茶总数
2023-05-09 10:50:54.024  INFO 20304 --- [http-nio-8081-exec-7] c.system.controller.MaterialController   : 查询花茶材料总数
2023-05-09 10:50:54.027  INFO 20304 --- [http-nio-8081-exec-5] com.system.controller.UserController     : 获取用户总数
2023-05-09 10:50:54.153  INFO 20304 --- [http-nio-8081-exec-10] com.system.controller.TeaController      : 获取花茶总数
2023-05-09 10:50:54.153  INFO 20304 --- [http-nio-8081-exec-6] c.system.controller.MaterialController   : 查询花茶材料总数
2023-05-09 10:50:54.153  INFO 20304 --- [http-nio-8081-exec-8] com.system.controller.UserController     : 获取用户总数
2023-05-09 10:50:54.499  INFO 20304 --- [http-nio-8081-exec-1] com.system.controller.TeaController      : 获取花茶总数
2023-05-09 10:50:54.506  INFO 20304 --- [http-nio-8081-exec-7] c.system.controller.MaterialController   : 查询花茶材料总数
2023-05-09 10:50:54.506  INFO 20304 --- [http-nio-8081-exec-5] com.system.controller.UserController     : 获取用户总数
2023-05-09 10:51:26.877  INFO 20304 --- [http-nio-8081-exec-4] com.system.controller.TeaController      : 获取花茶总数
2023-05-09 10:51:26.877  INFO 20304 --- [http-nio-8081-exec-10] c.system.controller.MaterialController   : 查询花茶材料总数
2023-05-09 10:51:26.877  INFO 20304 --- [http-nio-8081-exec-6] com.system.controller.UserController     : 获取用户总数
2023-05-09 10:51:48.150  INFO 20304 --- [http-nio-8081-exec-2] c.system.controller.MaterialController   : 查询花茶材料总数
2023-05-09 10:51:48.150  INFO 20304 --- [http-nio-8081-exec-9] com.system.controller.TeaController      : 获取花茶总数
2023-05-09 10:51:48.150  INFO 20304 --- [http-nio-8081-exec-1] com.system.controller.UserController     : 获取用户总数
2023-05-09 10:51:48.244  INFO 20304 --- [http-nio-8081-exec-5] com.system.controller.RecordController   : 记录管理分页查询
2023-05-09 10:51:48.262  INFO 20304 --- [http-nio-8081-exec-5] com.system.controller.RecordController   : 记录管理分页查询成功
2023-05-09 10:51:48.318  INFO 20304 --- [http-nio-8081-exec-3] com.system.controller.TeaController      : 获取花茶总数
2023-05-09 10:51:48.318  INFO 20304 --- [http-nio-8081-exec-6] c.system.controller.MaterialController   : 查询花茶材料总数
2023-05-09 10:51:48.318  INFO 20304 --- [http-nio-8081-exec-4] com.system.controller.UserController     : 获取用户总数
2023-05-09 10:51:48.418  INFO 20304 --- [http-nio-8081-exec-2] com.system.controller.TeaController      : 获取花茶总数
2023-05-09 10:51:48.418  INFO 20304 --- [http-nio-8081-exec-9] c.system.controller.MaterialController   : 查询花茶材料总数
2023-05-09 10:51:48.418  INFO 20304 --- [http-nio-8081-exec-1] com.system.controller.UserController     : 获取用户总数
2023-05-09 10:51:48.673  INFO 20304 --- [http-nio-8081-exec-3] com.system.controller.TeaController      : 获取花茶总数
2023-05-09 10:51:48.690  INFO 20304 --- [http-nio-8081-exec-4] c.system.controller.MaterialController   : 查询花茶材料总数
2023-05-09 10:51:48.690  INFO 20304 --- [http-nio-8081-exec-6] com.system.controller.UserController     : 获取用户总数
2023-05-09 10:51:55.907  INFO 20304 --- [http-nio-8081-exec-9] com.system.controller.UserController     : 获取用户总数
2023-05-09 10:51:55.907  INFO 20304 --- [http-nio-8081-exec-8] com.system.controller.TeaController      : 获取花茶总数
2023-05-09 10:51:55.907  INFO 20304 --- [http-nio-8081-exec-2] c.system.controller.MaterialController   : 查询花茶材料总数
2023-05-09 10:54:25.311  INFO 20304 --- [http-nio-8081-exec-6] com.system.controller.TeaController      : 获取花茶总数
2023-05-09 10:54:25.314  INFO 20304 --- [http-nio-8081-exec-10] c.system.controller.MaterialController   : 查询花茶材料总数
2023-05-09 10:54:25.314  INFO 20304 --- [http-nio-8081-exec-8] com.system.controller.UserController     : 获取用户总数
2023-05-09 10:54:25.381  INFO 20304 --- [http-nio-8081-exec-7] c.system.controller.MaterialController   : 查询花茶材料总数
2023-05-09 10:54:25.381  INFO 20304 --- [http-nio-8081-exec-1] com.system.controller.TeaController      : 获取花茶总数
2023-05-09 10:54:25.381  INFO 20304 --- [http-nio-8081-exec-2] com.system.controller.RecordController   : 记录管理分页查询
2023-05-09 10:54:25.381  INFO 20304 --- [http-nio-8081-exec-5] com.system.controller.UserController     : 获取用户总数
2023-05-09 10:54:25.391  INFO 20304 --- [http-nio-8081-exec-2] com.system.controller.RecordController   : 记录管理分页查询成功
2023-05-09 10:54:25.456  INFO 20304 --- [http-nio-8081-exec-8] com.system.controller.UserController     : 获取用户总数
2023-05-09 10:54:25.456  INFO 20304 --- [http-nio-8081-exec-6] com.system.controller.TeaController      : 获取花茶总数
2023-05-09 10:54:25.456  INFO 20304 --- [http-nio-8081-exec-10] c.system.controller.MaterialController   : 查询花茶材料总数
2023-05-09 10:54:25.631  INFO 20304 --- [http-nio-8081-exec-1] com.system.controller.TeaController      : 获取花茶总数
2023-05-09 10:54:25.631  INFO 20304 --- [http-nio-8081-exec-5] c.system.controller.MaterialController   : 查询花茶材料总数
2023-05-09 10:54:25.631  INFO 20304 --- [http-nio-8081-exec-3] com.system.controller.UserController     : 获取用户总数
2023-05-09 10:54:30.904  INFO 20304 --- [http-nio-8081-exec-4] com.system.controller.TeaController      : 获取花茶总数
2023-05-09 10:54:30.904  INFO 20304 --- [http-nio-8081-exec-10] c.system.controller.MaterialController   : 查询花茶材料总数
2023-05-09 10:54:30.904  INFO 20304 --- [http-nio-8081-exec-6] com.system.controller.UserController     : 获取用户总数
2023-05-09 11:07:05.345  INFO 20304 --- [http-nio-8081-exec-10] com.system.controller.UserController     : 用户登录
2023-05-09 11:07:05.348  INFO 20304 --- [http-nio-8081-exec-10] com.system.controller.UserController     : 用户成功登录
2023-05-09 11:08:40.808  INFO 20304 --- [http-nio-8081-exec-8] com.system.controller.TeaController      : 获取花茶总数
2023-05-09 11:08:40.811  INFO 20304 --- [http-nio-8081-exec-7] com.system.controller.UserController     : 获取用户总数
2023-05-09 11:08:40.811  INFO 20304 --- [http-nio-8081-exec-9] c.system.controller.MaterialController   : 查询花茶材料总数
2023-05-09 11:08:50.628  INFO 20304 --- [http-nio-8081-exec-1] com.system.controller.UserController     : 用户登录
2023-05-09 11:08:50.628  INFO 20304 --- [http-nio-8081-exec-1] com.system.controller.UserController     : 用户成功登录
2023-05-09 11:08:50.689  INFO 20304 --- [http-nio-8081-exec-2] com.system.controller.TeaController      : 获取花茶总数
2023-05-09 11:08:50.689  INFO 20304 --- [http-nio-8081-exec-10] com.system.controller.UserController     : 获取用户总数
2023-05-09 11:08:50.689  INFO 20304 --- [http-nio-8081-exec-4] c.system.controller.MaterialController   : 查询花茶材料总数
2023-05-09 11:09:29.228  INFO 20304 --- [http-nio-8081-exec-8] com.system.controller.UserController     : 用户登录
2023-05-09 11:09:29.233  INFO 20304 --- [http-nio-8081-exec-8] com.system.controller.UserController     : 用户成功登录
2023-05-09 11:09:29.315  INFO 20304 --- [http-nio-8081-exec-7] com.system.controller.TeaController      : 获取花茶总数
2023-05-09 11:09:29.315  INFO 20304 --- [http-nio-8081-exec-3] c.system.controller.MaterialController   : 查询花茶材料总数
2023-05-09 11:09:29.318  INFO 20304 --- [http-nio-8081-exec-5] com.system.controller.UserController     : 获取用户总数
2023-05-09 11:35:52.065  INFO 20304 --- [SpringApplicationShutdownHook] com.zaxxer.hikari.HikariDataSource       : HikariPool-1 - Shutdown initiated...
2023-05-09 11:35:52.077  INFO 20304 --- [SpringApplicationShutdownHook] com.zaxxer.hikari.HikariDataSource       : HikariPool-1 - Shutdown completed.
2023-05-09 11:35:58.215  INFO 1604 --- [main] com.system.SystemApplication             : Starting SystemApplication using Java 1.8.0_351 on LAPTOP-7M7L7VCJ with PID 1604 (D:\FlowerTea\system\target\classes started by 玖霜 in D:\FlowerTea)
2023-05-09 11:35:58.215  INFO 1604 --- [main] com.system.SystemApplication             : No active profile set, falling back to default profiles: default
2023-05-09 11:35:59.287  INFO 1604 --- [main] o.s.b.w.embedded.tomcat.TomcatWebServer  : Tomcat initialized with port(s): 8081 (http)
2023-05-09 11:35:59.296  INFO 1604 --- [main] o.apache.catalina.core.StandardService   : Starting service [Tomcat]
2023-05-09 11:35:59.296  INFO 1604 --- [main] org.apache.catalina.core.StandardEngine  : Starting Servlet engine: [Apache Tomcat/9.0.55]
2023-05-09 11:35:59.378  INFO 1604 --- [main] o.a.c.c.C.[Tomcat].[localhost].[/]       : Initializing Spring embedded WebApplicationContext
2023-05-09 11:35:59.378  INFO 1604 --- [main] w.s.c.ServletWebServerApplicationContext : Root WebApplicationContext: initialization completed in 1115 ms
2023-05-09 11:35:59.611  WARN 1604 --- [main] c.b.m.core.metadata.TableInfoHelper      : Can not find table primary key in Class: "com.system.model.Collection".
2023-05-09 11:35:59.615  WARN 1604 --- [main] c.b.m.core.injector.DefaultSqlInjector   : class com.system.model.Collection ,Not found @TableId annotation, Cannot use Mybatis-Plus 'xxById' Method.
2023-05-09 11:36:00.496  WARN 1604 --- [main] c.b.m.core.metadata.TableInfoHelper      : Can not find table primary key in Class: "com.system.model.Feedback".
2023-05-09 11:36:00.501  WARN 1604 --- [main] c.b.m.core.injector.DefaultSqlInjector   : class com.system.model.Feedback ,Not found @TableId annotation, Cannot use Mybatis-Plus 'xxById' Method.
2023-05-09 11:36:00.895  INFO 1604 --- [main] o.s.b.w.embedded.tomcat.TomcatWebServer  : Tomcat started on port(s): 8081 (http) with context path ''
2023-05-09 11:36:00.906  INFO 1604 --- [main] com.system.SystemApplication             : Started SystemApplication in 3.169 seconds (JVM running for 4.416)
2023-05-09 11:39:59.643  INFO 1604 --- [http-nio-8081-exec-1] o.a.c.c.C.[Tomcat].[localhost].[/]       : Initializing Spring DispatcherServlet 'dispatcherServlet'
2023-05-09 11:39:59.643  INFO 1604 --- [http-nio-8081-exec-1] o.s.web.servlet.DispatcherServlet        : Initializing Servlet 'dispatcherServlet'
2023-05-09 11:39:59.651  INFO 1604 --- [http-nio-8081-exec-1] o.s.web.servlet.DispatcherServlet        : Completed initialization in 8 ms
2023-05-09 11:39:59.810  INFO 1604 --- [http-nio-8081-exec-2] com.system.controller.UserController     : 用户登录
2023-05-09 11:39:59.934  INFO 1604 --- [http-nio-8081-exec-2] com.zaxxer.hikari.HikariDataSource       : HikariPool-1 - Starting...
2023-05-09 11:40:01.413  INFO 1604 --- [http-nio-8081-exec-2] com.zaxxer.hikari.HikariDataSource       : HikariPool-1 - Start completed.
2023-05-09 11:40:01.487  INFO 1604 --- [http-nio-8081-exec-2] com.system.controller.UserController     : 用户成功登录
2023-05-09 11:40:01.653  INFO 1604 --- [http-nio-8081-exec-3] com.system.controller.TeaController      : 获取花茶总数
2023-05-09 11:40:01.653  INFO 1604 --- [http-nio-8081-exec-5] com.system.controller.UserController     : 获取用户总数
2023-05-09 11:40:01.653  INFO 1604 --- [http-nio-8081-exec-4] c.system.controller.MaterialController   : 查询花茶材料总数
2023-05-09 11:40:03.849  INFO 1604 --- [http-nio-8081-exec-9] com.system.controller.TeaController      : 花茶信息分页查询
2023-05-09 11:40:03.914  INFO 1604 --- [http-nio-8081-exec-9] com.system.controller.TeaController      : 花茶信息分页查询成功
2023-05-09 11:40:04.894  INFO 1604 --- [http-nio-8081-exec-10] com.system.controller.TeaController      : 花茶信息分页查询
2023-05-09 11:40:04.905  INFO 1604 --- [http-nio-8081-exec-10] com.system.controller.TeaController      : 花茶信息分页查询成功
2023-05-09 11:40:04.935  INFO 1604 --- [http-nio-8081-exec-1] com.system.controller.TeaController      : 获取花茶总数
2023-05-09 11:40:04.935  INFO 1604 --- [http-nio-8081-exec-5] com.system.controller.UserController     : 获取用户总数
2023-05-09 11:40:04.935  INFO 1604 --- [http-nio-8081-exec-2] c.system.controller.MaterialController   : 查询花茶材料总数
2023-05-09 11:40:14.108  INFO 1604 --- [http-nio-8081-exec-8] com.system.controller.TeaController      : 查询该花茶的配比信息
2023-05-09 11:40:15.794  INFO 1604 --- [http-nio-8081-exec-9] com.system.controller.TeaController      : 查询该花茶的配比信息
2023-05-09 11:40:20.617  INFO 1604 --- [http-nio-8081-exec-10] com.system.controller.TeaController      : 查询该花茶的配比信息
2023-05-09 11:40:25.259  INFO 1604 --- [http-nio-8081-exec-2] c.system.controller.MaterialController   : 获取该花茶材料信息
2023-05-09 11:40:27.914  INFO 1604 --- [http-nio-8081-exec-1] com.system.controller.TeaController      : 判断该花茶是否存在该花茶材料
2023-05-09 11:40:27.937  INFO 1604 --- [http-nio-8081-exec-4] com.system.controller.TeaController      : 添加花茶配比信息
2023-05-09 11:40:27.954  INFO 1604 --- [http-nio-8081-exec-4] com.system.controller.TeaController      : 添加花茶配比信息成功
2023-05-09 11:40:27.965  INFO 1604 --- [http-nio-8081-exec-7] com.system.controller.TeaController      : 查询该花茶的配比信息
2023-05-09 11:40:35.465 ERROR 1604 --- [http-nio-8081-exec-8] c.s.G.GlobalExceptionHandler             : [Ljava.lang.StackTraceElement;@28cc75a1
2023-05-09 11:40:35.465 ERROR 1604 --- [http-nio-8081-exec-8] c.s.G.GlobalExceptionHandler             : 
### Error updating database.  Cause: java.sql.SQLSyntaxErrorException: You have an error in your SQL syntax; check the manual that corresponds to your MySQL server version for the right syntax to use near 'where teaID=tea_ID and teaID='12'' at line 1
### The error may exist in file [D:\FlowerTea\system\target\classes\mapper\TeaMapper.xml]
### The error may involve defaultParameterMap
### The error occurred while setting parameters
### SQL: delete from matches,tea where teaID=tea_ID and teaID=?;
### Cause: java.sql.SQLSyntaxErrorException: You have an error in your SQL syntax; check the manual that corresponds to your MySQL server version for the right syntax to use near 'where teaID=tea_ID and teaID='12'' at line 1
; bad SQL grammar []; nested exception is java.sql.SQLSyntaxErrorException: You have an error in your SQL syntax; check the manual that corresponds to your MySQL server version for the right syntax to use near 'where teaID=tea_ID and teaID='12'' at line 1
2023-05-09 11:43:58.845  INFO 1604 --- [SpringApplicationShutdownHook] com.zaxxer.hikari.HikariDataSource       : HikariPool-1 - Shutdown initiated...
2023-05-09 11:43:58.866  INFO 1604 --- [SpringApplicationShutdownHook] com.zaxxer.hikari.HikariDataSource       : HikariPool-1 - Shutdown completed.
2023-05-09 11:44:02.073  INFO 13916 --- [main] com.system.SystemApplication             : Starting SystemApplication using Java 1.8.0_351 on LAPTOP-7M7L7VCJ with PID 13916 (D:\FlowerTea\system\target\classes started by 玖霜 in D:\FlowerTea)
2023-05-09 11:44:02.073  INFO 13916 --- [main] com.system.SystemApplication             : No active profile set, falling back to default profiles: default
2023-05-09 11:44:02.833  INFO 13916 --- [main] o.s.b.w.embedded.tomcat.TomcatWebServer  : Tomcat initialized with port(s): 8081 (http)
2023-05-09 11:44:02.838  INFO 13916 --- [main] o.apache.catalina.core.StandardService   : Starting service [Tomcat]
2023-05-09 11:44:02.838  INFO 13916 --- [main] org.apache.catalina.core.StandardEngine  : Starting Servlet engine: [Apache Tomcat/9.0.55]
2023-05-09 11:44:02.906  INFO 13916 --- [main] o.a.c.c.C.[Tomcat].[localhost].[/]       : Initializing Spring embedded WebApplicationContext
2023-05-09 11:44:02.906  INFO 13916 --- [main] w.s.c.ServletWebServerApplicationContext : Root WebApplicationContext: initialization completed in 793 ms
2023-05-09 11:44:03.102  WARN 13916 --- [main] c.b.m.core.metadata.TableInfoHelper      : Can not find table primary key in Class: "com.system.model.Collection".
2023-05-09 11:44:03.104  WARN 13916 --- [main] c.b.m.core.injector.DefaultSqlInjector   : class com.system.model.Collection ,Not found @TableId annotation, Cannot use Mybatis-Plus 'xxById' Method.
2023-05-09 11:44:03.843  WARN 13916 --- [main] c.b.m.core.metadata.TableInfoHelper      : Can not find table primary key in Class: "com.system.model.Feedback".
2023-05-09 11:44:03.843  WARN 13916 --- [main] c.b.m.core.injector.DefaultSqlInjector   : class com.system.model.Feedback ,Not found @TableId annotation, Cannot use Mybatis-Plus 'xxById' Method.
2023-05-09 11:44:04.289  INFO 13916 --- [main] o.s.b.w.embedded.tomcat.TomcatWebServer  : Tomcat started on port(s): 8081 (http) with context path ''
2023-05-09 11:44:04.295  INFO 13916 --- [main] com.system.SystemApplication             : Started SystemApplication in 2.58 seconds (JVM running for 3.806)
2023-05-09 11:44:07.093  INFO 13916 --- [http-nio-8081-exec-1] o.a.c.c.C.[Tomcat].[localhost].[/]       : Initializing Spring DispatcherServlet 'dispatcherServlet'
2023-05-09 11:44:07.093  INFO 13916 --- [http-nio-8081-exec-1] o.s.web.servlet.DispatcherServlet        : Initializing Servlet 'dispatcherServlet'
2023-05-09 11:44:07.095  INFO 13916 --- [http-nio-8081-exec-1] o.s.web.servlet.DispatcherServlet        : Completed initialization in 2 ms
2023-05-09 11:44:07.133  INFO 13916 --- [http-nio-8081-exec-1] com.zaxxer.hikari.HikariDataSource       : HikariPool-1 - Starting...
2023-05-09 11:44:07.774  INFO 13916 --- [http-nio-8081-exec-1] com.zaxxer.hikari.HikariDataSource       : HikariPool-1 - Start completed.
2023-05-09 11:44:07.840 ERROR 13916 --- [http-nio-8081-exec-1] c.s.G.GlobalExceptionHandler             : [Ljava.lang.StackTraceElement;@5b49b50a
2023-05-09 11:44:07.840 ERROR 13916 --- [http-nio-8081-exec-1] c.s.G.GlobalExceptionHandler             : 
### Error updating database.  Cause: java.sql.SQLIntegrityConstraintViolationException: Cannot delete or update a parent row: a foreign key constraint fails (`flowertea_system`.`collection`, CONSTRAINT `teaID` FOREIGN KEY (`teaID`) REFERENCES `tea` (`teaID`))
### The error may exist in file [D:\FlowerTea\system\target\classes\mapper\TeaMapper.xml]
### The error may involve defaultParameterMap
### The error occurred while setting parameters
### SQL: delete matches,tea from matches,tea where teaID=tea_ID and teaID=?;
### Cause: java.sql.SQLIntegrityConstraintViolationException: Cannot delete or update a parent row: a foreign key constraint fails (`flowertea_system`.`collection`, CONSTRAINT `teaID` FOREIGN KEY (`teaID`) REFERENCES `tea` (`teaID`))
; Cannot delete or update a parent row: a foreign key constraint fails (`flowertea_system`.`collection`, CONSTRAINT `teaID` FOREIGN KEY (`teaID`) REFERENCES `tea` (`teaID`)); nested exception is java.sql.SQLIntegrityConstraintViolationException: Cannot delete or update a parent row: a foreign key constraint fails (`flowertea_system`.`collection`, CONSTRAINT `teaID` FOREIGN KEY (`teaID`) REFERENCES `tea` (`teaID`))
2023-05-09 11:45:11.453  INFO 13916 --- [SpringApplicationShutdownHook] com.zaxxer.hikari.HikariDataSource       : HikariPool-1 - Shutdown initiated...
2023-05-09 11:45:11.484  INFO 13916 --- [SpringApplicationShutdownHook] com.zaxxer.hikari.HikariDataSource       : HikariPool-1 - Shutdown completed.
2023-05-09 11:45:14.280  INFO 18868 --- [main] com.system.SystemApplication             : Starting SystemApplication using Java 1.8.0_351 on LAPTOP-7M7L7VCJ with PID 18868 (D:\FlowerTea\system\target\classes started by 玖霜 in D:\FlowerTea)
2023-05-09 11:45:14.283  INFO 18868 --- [main] com.system.SystemApplication             : No active profile set, falling back to default profiles: default
2023-05-09 11:45:15.125  INFO 18868 --- [main] o.s.b.w.embedded.tomcat.TomcatWebServer  : Tomcat initialized with port(s): 8081 (http)
2023-05-09 11:45:15.133  INFO 18868 --- [main] o.apache.catalina.core.StandardService   : Starting service [Tomcat]
2023-05-09 11:45:15.133  INFO 18868 --- [main] org.apache.catalina.core.StandardEngine  : Starting Servlet engine: [Apache Tomcat/9.0.55]
2023-05-09 11:45:15.193  INFO 18868 --- [main] o.a.c.c.C.[Tomcat].[localhost].[/]       : Initializing Spring embedded WebApplicationContext
2023-05-09 11:45:15.193  INFO 18868 --- [main] w.s.c.ServletWebServerApplicationContext : Root WebApplicationContext: initialization completed in 872 ms
2023-05-09 11:45:15.386  WARN 18868 --- [main] c.b.m.core.metadata.TableInfoHelper      : Can not find table primary key in Class: "com.system.model.Collection".
2023-05-09 11:45:15.386  WARN 18868 --- [main] c.b.m.core.injector.DefaultSqlInjector   : class com.system.model.Collection ,Not found @TableId annotation, Cannot use Mybatis-Plus 'xxById' Method.
2023-05-09 11:45:16.188  WARN 18868 --- [main] c.b.m.core.metadata.TableInfoHelper      : Can not find table primary key in Class: "com.system.model.Feedback".
2023-05-09 11:45:16.188  WARN 18868 --- [main] c.b.m.core.injector.DefaultSqlInjector   : class com.system.model.Feedback ,Not found @TableId annotation, Cannot use Mybatis-Plus 'xxById' Method.
2023-05-09 11:45:16.569  INFO 18868 --- [main] o.s.b.w.embedded.tomcat.TomcatWebServer  : Tomcat started on port(s): 8081 (http) with context path ''
2023-05-09 11:45:16.577  INFO 18868 --- [main] com.system.SystemApplication             : Started SystemApplication in 2.661 seconds (JVM running for 3.611)
2023-05-09 11:45:19.071  INFO 18868 --- [http-nio-8081-exec-1] o.a.c.c.C.[Tomcat].[localhost].[/]       : Initializing Spring DispatcherServlet 'dispatcherServlet'
2023-05-09 11:45:19.071  INFO 18868 --- [http-nio-8081-exec-1] o.s.web.servlet.DispatcherServlet        : Initializing Servlet 'dispatcherServlet'
2023-05-09 11:45:19.073  INFO 18868 --- [http-nio-8081-exec-1] o.s.web.servlet.DispatcherServlet        : Completed initialization in 2 ms
2023-05-09 11:45:19.106  INFO 18868 --- [http-nio-8081-exec-1] com.zaxxer.hikari.HikariDataSource       : HikariPool-1 - Starting...
2023-05-09 11:45:19.771  INFO 18868 --- [http-nio-8081-exec-1] com.zaxxer.hikari.HikariDataSource       : HikariPool-1 - Start completed.
2023-05-09 11:45:19.843 ERROR 18868 --- [http-nio-8081-exec-1] c.s.G.GlobalExceptionHandler             : [Ljava.lang.StackTraceElement;@fee3bb5
2023-05-09 11:45:19.843 ERROR 18868 --- [http-nio-8081-exec-1] c.s.G.GlobalExceptionHandler             : 
### Error updating database.  Cause: java.sql.SQLIntegrityConstraintViolationException: Cannot delete or update a parent row: a foreign key constraint fails (`flowertea_system`.`collection`, CONSTRAINT `teaID` FOREIGN KEY (`teaID`) REFERENCES `tea` (`teaID`))
### The error may exist in file [D:\FlowerTea\system\target\classes\mapper\TeaMapper.xml]
### The error may involve defaultParameterMap
### The error occurred while setting parameters
### SQL: delete matches,tea from matches,tea where tea.teaID=matches.tea_ID and tea.teaID=?;
### Cause: java.sql.SQLIntegrityConstraintViolationException: Cannot delete or update a parent row: a foreign key constraint fails (`flowertea_system`.`collection`, CONSTRAINT `teaID` FOREIGN KEY (`teaID`) REFERENCES `tea` (`teaID`))
; Cannot delete or update a parent row: a foreign key constraint fails (`flowertea_system`.`collection`, CONSTRAINT `teaID` FOREIGN KEY (`teaID`) REFERENCES `tea` (`teaID`)); nested exception is java.sql.SQLIntegrityConstraintViolationException: Cannot delete or update a parent row: a foreign key constraint fails (`flowertea_system`.`collection`, CONSTRAINT `teaID` FOREIGN KEY (`teaID`) REFERENCES `tea` (`teaID`))
2023-05-09 12:12:01.741  WARN 18868 --- [HikariPool-1 housekeeper] com.zaxxer.hikari.pool.HikariPool        : HikariPool-1 - Thread starvation or clock leap detected (housekeeper delta=16m11s745ms659µs500ns).
2023-05-09 13:03:45.583  WARN 18868 --- [HikariPool-1 housekeeper] com.zaxxer.hikari.pool.HikariPool        : HikariPool-1 - Thread starvation or clock leap detected (housekeeper delta=31m43s540ms972µs100ns).
2023-05-09 13:11:22.659  INFO 18868 --- [SpringApplicationShutdownHook] com.zaxxer.hikari.HikariDataSource       : HikariPool-1 - Shutdown initiated...
2023-05-09 13:11:22.659  INFO 18868 --- [SpringApplicationShutdownHook] com.zaxxer.hikari.HikariDataSource       : HikariPool-1 - Shutdown completed.
